2022/01/30 17:20:24 [notice] 1#1: using the "epoll" event method
2022/01/30 17:20:24 [notice] 1#1: nginx/1.21.0
2022/01/30 17:20:24 [notice] 1#1: built by gcc 10.2.1 20201203 (Alpine 10.2.1_pre1) 
2022/01/30 17:20:24 [notice] 1#1: OS: Linux 5.10.16.3-microsoft-standard-WSL2
2022/01/30 17:20:24 [notice] 1#1: getrlimit(RLIMIT_NOFILE): 1048576:1048576
2022/01/30 17:20:24 [notice] 1#1: start worker processes
2022/01/30 17:20:24 [notice] 1#1: start worker process 31
2022/01/30 17:20:24 [notice] 1#1: start worker process 32
2022/01/30 17:20:24 [notice] 1#1: start worker process 33
2022/01/30 17:20:24 [notice] 1#1: start worker process 34
2022/01/30 17:51:46 [notice] 1#1: signal 3 (SIGQUIT) received, shutting down
2022/01/30 17:51:46 [notice] 34#34: gracefully shutting down
2022/01/30 17:51:46 [notice] 34#34: exiting
2022/01/30 17:51:46 [notice] 34#34: exit
2022/01/30 17:51:46 [notice] 32#32: gracefully shutting down
2022/01/30 17:51:46 [notice] 32#32: exiting
2022/01/30 17:51:46 [notice] 32#32: exit
2022/01/30 17:51:46 [notice] 33#33: gracefully shutting down
2022/01/30 17:51:46 [notice] 33#33: exiting
2022/01/30 17:51:46 [notice] 33#33: exit
2022/01/30 17:51:46 [notice] 31#31: gracefully shutting down
2022/01/30 17:51:46 [notice] 31#31: exiting
2022/01/30 17:51:46 [notice] 31#31: exit
2022/01/30 17:51:47 [notice] 1#1: signal 17 (SIGCHLD) received from 33
2022/01/30 17:51:47 [notice] 1#1: worker process 33 exited with code 0
2022/01/30 17:51:47 [notice] 1#1: worker process 34 exited with code 0
2022/01/30 17:51:47 [notice] 1#1: signal 29 (SIGIO) received
2022/01/30 17:51:47 [notice] 1#1: signal 17 (SIGCHLD) received from 31
2022/01/30 17:51:47 [notice] 1#1: worker process 31 exited with code 0
2022/01/30 17:51:47 [notice] 1#1: signal 17 (SIGCHLD) received from 32
2022/01/30 17:51:47 [notice] 1#1: worker process 32 exited with code 0
2022/01/30 17:51:47 [notice] 1#1: exit
2022/02/01 20:22:59 [notice] 1#1: using the "epoll" event method
2022/02/01 20:22:59 [notice] 1#1: nginx/1.21.0
2022/02/01 20:22:59 [notice] 1#1: built by gcc 10.2.1 20201203 (Alpine 10.2.1_pre1) 
2022/02/01 20:22:59 [notice] 1#1: OS: Linux 5.10.16.3-microsoft-standard-WSL2
2022/02/01 20:22:59 [notice] 1#1: getrlimit(RLIMIT_NOFILE): 1048576:1048576
2022/02/01 20:22:59 [notice] 1#1: start worker processes
2022/02/01 20:22:59 [notice] 1#1: start worker process 32
2022/02/01 20:22:59 [notice] 1#1: start worker process 33
2022/02/01 20:22:59 [notice] 1#1: start worker process 34
2022/02/01 20:22:59 [notice] 1#1: start worker process 35
2022/02/01 21:25:37 [notice] 1#1: signal 3 (SIGQUIT) received, shutting down
2022/02/01 21:25:37 [notice] 32#32: gracefully shutting down
2022/02/01 21:25:37 [notice] 34#34: gracefully shutting down
2022/02/01 21:25:37 [notice] 32#32: exiting
2022/02/01 21:25:37 [notice] 34#34: exiting
2022/02/01 21:25:37 [notice] 34#34: exit
2022/02/01 21:25:37 [notice] 32#32: exit
2022/02/01 21:25:37 [notice] 33#33: gracefully shutting down
2022/02/01 21:25:37 [notice] 33#33: exiting
2022/02/01 21:25:37 [notice] 33#33: exit
2022/02/01 21:25:37 [notice] 35#35: gracefully shutting down
2022/02/01 21:25:37 [notice] 35#35: exiting
2022/02/01 21:25:37 [notice] 35#35: exit
2022/02/01 21:25:37 [notice] 1#1: signal 17 (SIGCHLD) received from 34
2022/02/01 21:25:37 [notice] 1#1: worker process 34 exited with code 0
2022/02/01 21:25:37 [notice] 1#1: signal 29 (SIGIO) received
2022/02/01 21:25:37 [notice] 1#1: signal 17 (SIGCHLD) received from 32
2022/02/01 21:25:37 [notice] 1#1: worker process 32 exited with code 0
2022/02/01 21:25:37 [notice] 1#1: signal 29 (SIGIO) received
2022/02/01 21:25:37 [notice] 1#1: signal 17 (SIGCHLD) received from 35
2022/02/01 21:25:37 [notice] 1#1: worker process 35 exited with code 0
2022/02/01 21:25:37 [notice] 1#1: signal 29 (SIGIO) received
2022/02/01 21:25:37 [notice] 1#1: signal 17 (SIGCHLD) received from 33
2022/02/01 21:25:37 [notice] 1#1: worker process 33 exited with code 0
2022/02/01 21:25:37 [notice] 1#1: exit
2022/02/11 01:54:29 [notice] 1#1: using the "epoll" event method
2022/02/11 01:54:29 [notice] 1#1: nginx/1.21.0
2022/02/11 01:54:29 [notice] 1#1: built by gcc 10.2.1 20201203 (Alpine 10.2.1_pre1) 
2022/02/11 01:54:29 [notice] 1#1: OS: Linux 5.10.60.1-microsoft-standard-WSL2
2022/02/11 01:54:29 [notice] 1#1: getrlimit(RLIMIT_NOFILE): 1048576:1048576
2022/02/11 01:54:29 [notice] 1#1: start worker processes
2022/02/11 01:54:29 [notice] 1#1: start worker process 31
2022/02/11 01:54:29 [notice] 1#1: start worker process 32
2022/02/11 01:54:29 [notice] 1#1: start worker process 33
2022/02/11 01:54:29 [notice] 1#1: start worker process 34
2022/02/11 14:20:03 [notice] 1#1: using the "epoll" event method
2022/02/11 14:20:03 [notice] 1#1: nginx/1.21.0
2022/02/11 14:20:03 [notice] 1#1: built by gcc 10.2.1 20201203 (Alpine 10.2.1_pre1) 
2022/02/11 14:20:03 [notice] 1#1: OS: Linux 5.10.60.1-microsoft-standard-WSL2
2022/02/11 14:20:03 [notice] 1#1: getrlimit(RLIMIT_NOFILE): 1048576:1048576
2022/02/11 14:20:03 [notice] 1#1: start worker processes
2022/02/11 14:20:03 [notice] 1#1: start worker process 32
2022/02/11 14:20:03 [notice] 1#1: start worker process 33
2022/02/11 14:20:03 [notice] 1#1: start worker process 34
2022/02/11 14:20:03 [notice] 1#1: start worker process 35
2022/02/12 14:00:32 [notice] 1#1: using the "epoll" event method
2022/02/12 14:00:32 [notice] 1#1: nginx/1.21.0
2022/02/12 14:00:32 [notice] 1#1: built by gcc 10.2.1 20201203 (Alpine 10.2.1_pre1) 
2022/02/12 14:00:32 [notice] 1#1: OS: Linux 5.10.60.1-microsoft-standard-WSL2
2022/02/12 14:00:32 [notice] 1#1: getrlimit(RLIMIT_NOFILE): 1048576:1048576
2022/02/12 14:00:32 [notice] 1#1: start worker processes
2022/02/12 14:00:32 [notice] 1#1: start worker process 32
2022/02/12 14:00:32 [notice] 1#1: start worker process 33
2022/02/12 14:00:32 [notice] 1#1: start worker process 34
2022/02/12 14:00:32 [notice] 1#1: start worker process 35
2022/02/12 14:00:40 [notice] 1#1: signal 3 (SIGQUIT) received, shutting down
2022/02/12 14:00:40 [notice] 32#32: gracefully shutting down
2022/02/12 14:00:40 [notice] 33#33: gracefully shutting down
2022/02/12 14:00:40 [notice] 34#34: gracefully shutting down
2022/02/12 14:00:40 [notice] 32#32: exiting
2022/02/12 14:00:40 [notice] 33#33: exiting
2022/02/12 14:00:40 [notice] 34#34: exiting
2022/02/12 14:00:40 [notice] 35#35: gracefully shutting down
2022/02/12 14:00:40 [notice] 35#35: exiting
2022/02/12 14:00:40 [notice] 33#33: exit
2022/02/12 14:00:40 [notice] 32#32: exit
2022/02/12 14:00:40 [notice] 35#35: exit
2022/02/12 14:00:40 [notice] 34#34: exit
2022/02/12 14:00:40 [notice] 1#1: signal 17 (SIGCHLD) received from 32
2022/02/12 14:00:40 [notice] 1#1: worker process 32 exited with code 0
2022/02/12 14:00:40 [notice] 1#1: signal 29 (SIGIO) received
2022/02/12 14:00:40 [notice] 1#1: signal 17 (SIGCHLD) received from 35
2022/02/12 14:00:40 [notice] 1#1: worker process 35 exited with code 0
2022/02/12 14:00:40 [notice] 1#1: signal 29 (SIGIO) received
2022/02/12 14:00:40 [notice] 1#1: signal 17 (SIGCHLD) received from 34
2022/02/12 14:00:40 [notice] 1#1: worker process 34 exited with code 0
2022/02/12 14:00:40 [notice] 1#1: signal 29 (SIGIO) received
2022/02/12 14:00:40 [notice] 1#1: signal 17 (SIGCHLD) received from 33
2022/02/12 14:00:40 [notice] 1#1: worker process 33 exited with code 0
2022/02/12 14:00:40 [notice] 1#1: exit
2022/02/12 14:10:28 [notice] 1#1: using the "epoll" event method
2022/02/12 14:10:28 [notice] 1#1: nginx/1.21.0
2022/02/12 14:10:28 [notice] 1#1: built by gcc 10.2.1 20201203 (Alpine 10.2.1_pre1) 
2022/02/12 14:10:28 [notice] 1#1: OS: Linux 5.10.60.1-microsoft-standard-WSL2
2022/02/12 14:10:28 [notice] 1#1: getrlimit(RLIMIT_NOFILE): 1048576:1048576
2022/02/12 14:10:28 [notice] 1#1: start worker processes
2022/02/12 14:10:28 [notice] 1#1: start worker process 31
2022/02/12 14:10:28 [notice] 1#1: start worker process 32
2022/02/12 14:10:28 [notice] 1#1: start worker process 33
2022/02/12 14:10:28 [notice] 1#1: start worker process 34
2022/02/13 01:01:39 [notice] 1#1: signal 3 (SIGQUIT) received, shutting down
2022/02/13 01:01:39 [notice] 32#32: gracefully shutting down
2022/02/13 01:01:39 [notice] 32#32: exiting
2022/02/13 01:01:39 [notice] 32#32: exit
2022/02/13 01:01:39 [notice] 34#34: gracefully shutting down
2022/02/13 01:01:39 [notice] 31#31: gracefully shutting down
2022/02/13 01:01:39 [notice] 34#34: exiting
2022/02/13 01:01:39 [notice] 34#34: exit
2022/02/13 01:01:39 [notice] 33#33: gracefully shutting down
2022/02/13 01:01:39 [notice] 33#33: exiting
2022/02/13 01:01:39 [notice] 33#33: exit
2022/02/13 01:01:39 [notice] 31#31: exiting
2022/02/13 01:01:39 [notice] 31#31: exit
2022/02/13 01:01:39 [notice] 1#1: signal 17 (SIGCHLD) received from 32
2022/02/13 01:01:39 [notice] 1#1: worker process 32 exited with code 0
2022/02/13 01:01:39 [notice] 1#1: signal 29 (SIGIO) received
2022/02/13 01:01:39 [notice] 1#1: signal 17 (SIGCHLD) received from 33
2022/02/13 01:01:39 [notice] 1#1: worker process 33 exited with code 0
2022/02/13 01:01:39 [notice] 1#1: signal 29 (SIGIO) received
2022/02/13 01:01:39 [notice] 1#1: signal 17 (SIGCHLD) received from 31
2022/02/13 01:01:39 [notice] 1#1: worker process 31 exited with code 0
2022/02/13 01:01:39 [notice] 1#1: signal 29 (SIGIO) received
2022/02/13 01:01:39 [notice] 1#1: signal 17 (SIGCHLD) received from 34
2022/02/13 01:01:39 [notice] 1#1: worker process 34 exited with code 0
2022/02/13 01:01:39 [notice] 1#1: exit
